0 info it worked if it ends with ok
1 verbose cli [ 'C:\\Program Files\\nodejs\\node.exe',
1 verbose cli   'C:\\Program Files\\nodejs\\node_modules\\npm\\bin\\npm-cli.js',
1 verbose cli   'start' ]
2 info using npm@3.8.9
3 info using node@v6.2.0
4 verbose run-script [ 'prestart', 'start', 'poststart' ]
5 info lifecycle meganote-server@0.1.0~prestart: meganote-server@0.1.0
6 silly lifecycle meganote-server@0.1.0~prestart: no script for prestart, continuing
7 info lifecycle meganote-server@0.1.0~start: meganote-server@0.1.0
8 verbose lifecycle meganote-server@0.1.0~start: unsafe-perm in lifecycle true
9 verbose lifecycle meganote-server@0.1.0~start: PATH: C:\Program Files\nodejs\node_modules\npm\bin\node-gyp-bin;C:\xternprojects\meganote-server\node_modules\.bin;C:\Program Files\nodejs;C:\Users\zachd\.babun\cygwin\home\zachd\.local\bin;C:\Users\zachd\.babun\cygwin\usr\local\bin;C:\Users\zachd\.babun\cygwin\home\zachd\.local\bin;C:\Users\zachd\.babun\cygwin\usr\local\bin;C:\Users\zachd\.babun\cygwin\bin;C:\ProgramData\Oracle\Java\javapath;C:\WINDOWS\system32;C:\WINDOWS;C:\WINDOWS\System32\Wbem;C:\WINDOWS\System32\WindowsPowerShell\v1.0;C:\Program Files (x86)\ATI Technologies\ATI.ACE\Core-Static;C:\Program Files\Intel\WiFi\bin;C:\Program Files\Common Files\Intel\WirelessCommon;C:\Program Files (x86)\Skype\Phone;C:\WINDOWS\system32\config\systemprofile\.dnx\bin;C:\Program Files\Microsoft DNX\Dnvm;C:\Program Files\Microsoft SQL Server\130\Tools\Binn;C:\Program Files\nodejs;C:\Users\zachd\.babun;C:\Users\zachd\AppData\Roaming\npm;C:\Users\zachd\AppData\Local\atom\bin
10 verbose lifecycle meganote-server@0.1.0~start: CWD: C:\xternprojects\meganote-server
11 silly lifecycle meganote-server@0.1.0~start: Args: [ '/d /s /c', 'node app.js' ]
12 silly lifecycle meganote-server@0.1.0~start: Returned: code: 1  signal: null
13 info lifecycle meganote-server@0.1.0~start: Failed to exec start script
14 verbose stack Error: meganote-server@0.1.0 start: `node app.js`
14 verbose stack Exit status 1
14 verbose stack     at EventEmitter.<anonymous> (C:\Program Files\nodejs\node_modules\npm\lib\utils\lifecycle.js:245:16)
14 verbose stack     at emitTwo (events.js:106:13)
14 verbose stack     at EventEmitter.emit (events.js:191:7)
14 verbose stack     at ChildProcess.<anonymous> (C:\Program Files\nodejs\node_modules\npm\lib\utils\spawn.js:24:14)
14 verbose stack     at emitTwo (events.js:106:13)
14 verbose stack     at ChildProcess.emit (events.js:191:7)
14 verbose stack     at maybeClose (internal/child_process.js:850:16)
14 verbose stack     at Process.ChildProcess._handle.onexit (internal/child_process.js:215:5)
15 verbose pkgid meganote-server@0.1.0
16 verbose cwd C:\xternprojects\meganote-server
17 error Windows_NT 10.0.10586
18 error argv "C:\\Program Files\\nodejs\\node.exe" "C:\\Program Files\\nodejs\\node_modules\\npm\\bin\\npm-cli.js" "start"
19 error node v6.2.0
20 error npm  v3.8.9
21 error code ELIFECYCLE
22 error meganote-server@0.1.0 start: `node app.js`
22 error Exit status 1
23 error Failed at the meganote-server@0.1.0 start script 'node app.js'.
23 error Make sure you have the latest version of node.js and npm installed.
23 error If you do, this is most likely a problem with the meganote-server package,
23 error not with npm itself.
23 error Tell the author that this fails on your system:
23 error     node app.js
23 error You can get information on how to open an issue for this project with:
23 error     npm bugs meganote-server
23 error Or if that isn't available, you can get their info via:
23 error     npm owner ls meganote-server
23 error There is likely additional logging output above.
24 verbose exit [ 1, true ]
